cameraApp/app/build/intermediates/manifest_merge_blame_file/debug/manifest-merger-blame-debug-report.txt
1<?xml version="1.0" encoding="utf-8"?>
2<manifest xmlns:android="http://schemas.android.com/apk/res/android"
3    package="com.example.myapplication"
4    android:versionCode="1"
5    android:versionName="1.0" >
6
7    <uses-sdk
8        android:minSdkVersion="21"
8-->src/main/AndroidManifest.xml
9        android:targetSdkVersion="29" />
9-->src/main/AndroidManifest.xml
10
11    <uses-permission android:name="android.permission.CAMERA" />
11-->src/main/AndroidManifest.xml:20:5-81
11-->src/main/AndroidManifest.xml:20:22-62
12    <uses-permission android:name="android.permission.WRITE_EXTERNAL_STORAGE" />
12-->src/main/AndroidManifest.xml:21:5-97
12-->src/main/AndroidManifest.xml:21:22-78
13
14    <uses-feature
14-->src/main/AndroidManifest.xml:23:5-84
15        android:name="android.hardware.camera"
15-->src/main/AndroidManifest.xml:23:19-57
16        android:required="false" />
16-->src/main/AndroidManifest.xml:23:58-82
17    <uses-feature
17-->src/main/AndroidManifest.xml:24:5-94
18        android:name="android.hardware.camera.autofocus"
18-->src/main/AndroidManifest.xml:24:19-67
19        android:required="false" />
19-->src/main/AndroidManifest.xml:24:68-92
20    <uses-feature
20-->src/main/AndroidManifest.xml:25:5-90
21        android:name="android.hardware.camera.front"
21-->src/main/AndroidManifest.xml:25:19-63
22        android:required="false" />
22-->src/main/AndroidManifest.xml:25:64-88
23    <uses-feature
23-->src/main/AndroidManifest.xml:26:5-100
24        android:name="android.hardware.camera.front.autofocus"
24-->src/main/AndroidManifest.xml:26:19-73
25        android:required="false" />
25-->src/main/AndroidManifest.xml:26:74-98
26
27    <application
27-->src/main/AndroidManifest.xml:5:5-19:19
28        android:allowBackup="true"
28-->src/main/AndroidManifest.xml:6:9-35
29        android:appComponentFactory="androidx.core.app.CoreComponentFactory"
29-->[androidx.core:core:1.1.0] AndroidManifest.xml:24:18-86
30        android:debuggable="true"
31        android:icon="@mipmap/ic_launcher"
31-->src/main/AndroidManifest.xml:7:9-43
32        android:label="@string/app_name"
32-->src/main/AndroidManifest.xml:8:9-41
33        android:roundIcon="@mipmap/ic_launcher_round"
33-->src/main/AndroidManifest.xml:9:9-54
34        android:supportsRtl="true"
34-->src/main/AndroidManifest.xml:10:9-35
35        android:theme="@style/Theme.AppCompat.Light.NoActionBar" >
35-->src/main/AndroidManifest.xml:11:9-65
36        <activity android:name="com.example.myapplication.CameraPageActivity" >
36-->src/main/AndroidManifest.xml:12:9-18:20
36-->src/main/AndroidManifest.xml:12:19-53
37            <intent-filter>
37-->src/main/AndroidManifest.xml:13:13-17:29
38                <action android:name="android.intent.action.MAIN" />
38-->src/main/AndroidManifest.xml:14:17-69
38-->src/main/AndroidManifest.xml:14:25-66
39
40                <category android:name="android.intent.category.LAUNCHER" />
40-->src/main/AndroidManifest.xml:16:17-77
40-->src/main/AndroidManifest.xml:16:27-74
41            </intent-filter>
42        </activity>
43
44        <provider
44-->[androidx.camera:camera-camera2:1.0.0-alpha01] AndroidManifest.xml:23:9-28:43
45            android:name="androidx.camera.camera2.impl.Camera2Initializer"
45-->[androidx.camera:camera-camera2:1.0.0-alpha01] AndroidManifest.xml:24:13-75
46            android:authorities="com.example.myapplication.camerax-init"
46-->[androidx.camera:camera-camera2:1.0.0-alpha01] AndroidManifest.xml:25:13-64
47            android:exported="false"
47-->[androidx.camera:camera-camera2:1.0.0-alpha01] AndroidManifest.xml:26:13-37
48            android:initOrder="100"
48-->[androidx.camera:camera-camera2:1.0.0-alpha01] AndroidManifest.xml:27:13-36
49            android:multiprocess="true" />
49-->[androidx.camera:camera-camera2:1.0.0-alpha01] AndroidManifest.xml:28:13-40
50    </application>
51
52</manifest>